{"level":"info","message":"POST /login. Status: 200. Duration: 1 ms","service":"booking_app"}
{"level":"info","message":"GET /users/e5678901-23f0-1234-5678-9abcdef01234. Status: 200. Duration: 1 ms","service":"booking_app"}
{"level":"info","message":"POST /login. Status: 200. Duration: 1 ms","service":"booking_app"}
{"level":"info","message":"PUT /users/e5678901-23f0-1234-5678-9abcdef01234. Status: 403. Duration: 1 ms","service":"booking_app"}
{"level":"info","message":"POST /login. Status: 200. Duration: 0 ms","service":"booking_app"}
{"level":"info","message":"DELETE /users/e5678901-23f0-1234-5678-9abcdef01234. Status: 403. Duration: 1 ms","service":"booking_app"}
{"level":"info","message":"POST /login. Status: 200. Duration: 0 ms","service":"booking_app"}
{"level":"info","message":"GET /users. Status: 200. Duration: 1 ms","service":"booking_app"}
{"level":"info","message":"POST /login. Status: 200. Duration: 0 ms","service":"booking_app"}
{"level":"info","message":"POST /users. Status: 403. Duration: 1 ms","service":"booking_app"}
{"level":"info","message":"POST /login. Status: 200. Duration: 0 ms","service":"booking_app"}
{"level":"info","message":"GET /hosts/e2345678-90bc-def0-0123-456789abcdef. Status: 200. Duration: 1 ms","service":"booking_app"}
{"level":"info","message":"POST /login. Status: 200. Duration: 0 ms","service":"booking_app"}
{"level":"info","message":"PUT /hosts/e2345678-90bc-def0-0123-456789abcdef. Status: 403. Duration: 1 ms","service":"booking_app"}
{"level":"info","message":"POST /login. Status: 200. Duration: 0 ms","service":"booking_app"}
{"level":"info","message":"DELETE /hosts/e2345678-90bc-def0-0123-456789abcdef. Status: 403. Duration: 1 ms","service":"booking_app"}
{"level":"info","message":"POST /login. Status: 200. Duration: 0 ms","service":"booking_app"}
{"level":"info","message":"GET /hosts. Status: 200. Duration: 1 ms","service":"booking_app"}
{"level":"info","message":"POST /login. Status: 200. Duration: 0 ms","service":"booking_app"}
{"level":"info","message":"POST /hosts. Status: 403. Duration: 0 ms","service":"booking_app"}
{"level":"info","message":"POST /login. Status: 200. Duration: 0 ms","service":"booking_app"}
{"level":"info","message":"GET /properties/i1234567-89f0-1234-5678-9abcdef01234. Status: 200. Duration: 1 ms","service":"booking_app"}
{"level":"info","message":"POST /login. Status: 200. Duration: 0 ms","service":"booking_app"}
{"level":"info","message":"PUT /properties/i1234567-89f0-1234-5678-9abcdef01234. Status: 403. Duration: 0 ms","service":"booking_app"}
{"level":"info","message":"POST /login. Status: 200. Duration: 0 ms","service":"booking_app"}
{"level":"info","message":"DELETE /properties/i1234567-89f0-1234-5678-9abcdef01234. Status: 403. Duration: 0 ms","service":"booking_app"}
{"level":"info","message":"POST /login. Status: 200. Duration: 0 ms","service":"booking_app"}
{"level":"info","message":"GET /properties. Status: 200. Duration: 2 ms","service":"booking_app"}
{"level":"info","message":"POST /login. Status: 200. Duration: 0 ms","service":"booking_app"}
{"level":"info","message":"POST /properties. Status: 403. Duration: 1 ms","service":"booking_app"}
{"level":"info","message":"POST /login. Status: 200. Duration: 0 ms","service":"booking_app"}
{"level":"info","message":"GET /amenities/u3456789-01rs-tuvw-01cd-ef0123456789. Status: 200. Duration: 2 ms","service":"booking_app"}
{"level":"info","message":"POST /login. Status: 200. Duration: 0 ms","service":"booking_app"}
{"level":"info","message":"PUT /amenities/u3456789-01rs-tuvw-01cd-ef0123456789. Status: 403. Duration: 1 ms","service":"booking_app"}
{"level":"info","message":"POST /login. Status: 200. Duration: 1 ms","service":"booking_app"}
{"level":"info","message":"DELETE /amenities/u3456789-01rs-tuvw-01cd-ef0123456789. Status: 403. Duration: 0 ms","service":"booking_app"}
{"level":"info","message":"POST /login. Status: 200. Duration: 0 ms","service":"booking_app"}
{"level":"info","message":"GET /amenities. Status: 200. Duration: 2 ms","service":"booking_app"}
{"level":"info","message":"POST /login. Status: 200. Duration: 0 ms","service":"booking_app"}
{"level":"info","message":"POST /amenities. Status: 403. Duration: 0 ms","service":"booking_app"}
{"level":"info","message":"POST /login. Status: 200. Duration: 0 ms","service":"booking_app"}
{"level":"info","message":"GET /bookings/f0123456-78ab-cdef-0123-456789abcdef. Status: 200. Duration: 2 ms","service":"booking_app"}
{"level":"info","message":"POST /login. Status: 200. Duration: 0 ms","service":"booking_app"}
{"level":"info","message":"PUT /bookings/f0123456-78ab-cdef-0123-456789abcdef. Status: 403. Duration: 0 ms","service":"booking_app"}
{"level":"info","message":"POST /login. Status: 200. Duration: 0 ms","service":"booking_app"}
{"level":"info","message":"DELETE /bookings/f0123456-78ab-cdef-0123-456789abcdef. Status: 403. Duration: 1 ms","service":"booking_app"}
{"level":"info","message":"POST /login. Status: 200. Duration: 1 ms","service":"booking_app"}
{"level":"info","message":"GET /bookings. Status: 200. Duration: 1 ms","service":"booking_app"}
{"level":"info","message":"POST /login. Status: 200. Duration: 0 ms","service":"booking_app"}
{"level":"info","message":"POST /bookings. Status: 403. Duration: 1 ms","service":"booking_app"}
{"level":"info","message":"POST /login. Status: 200. Duration: 0 ms","service":"booking_app"}
{"level":"info","message":"GET /reviews/j0123456-78f0-1234-5678-9abcdef01234. Status: 200. Duration: 2 ms","service":"booking_app"}
{"level":"info","message":"POST /login. Status: 200. Duration: 0 ms","service":"booking_app"}
{"level":"info","message":"PUT /reviews/j0123456-78f0-1234-5678-9abcdef01234. Status: 403. Duration: 1 ms","service":"booking_app"}
{"level":"info","message":"POST /login. Status: 200. Duration: 1 ms","service":"booking_app"}
{"level":"info","message":"DELETE /reviews/j0123456-78f0-1234-5678-9abcdef01234. Status: 403. Duration: 1 ms","service":"booking_app"}
{"level":"info","message":"POST /login. Status: 200. Duration: 0 ms","service":"booking_app"}
{"level":"info","message":"GET /reviews. Status: 200. Duration: 1 ms","service":"booking_app"}
{"level":"info","message":"POST /login. Status: 200. Duration: 0 ms","service":"booking_app"}
{"level":"info","message":"POST /reviews. Status: 403. Duration: 0 ms","service":"booking_app"}
{"level":"info","message":"POST /login. Status: 200. Duration: 0 ms","service":"booking_app"}
{"level":"info","message":"POST /login. Status: 200. Duration: 0 ms","service":"booking_app"}
{"level":"info","message":"POST /login. Status: 200. Duration: 0 ms","service":"booking_app"}
{"level":"info","message":"GET /users/:userId. Status: 200. Duration: 1 ms","service":"booking_app"}
{"level":"info","message":"POST /login. Status: 200. Duration: 0 ms","service":"booking_app"}
{"level":"info","message":"PUT /users/d4567890-12. Status: 403. Duration: 0 ms","service":"booking_app"}
{"level":"info","message":"POST /login. Status: 200. Duration: 0 ms","service":"booking_app"}
{"level":"info","message":"DELETE /users/d4567890-12ef-01. Status: 403. Duration: 1 ms","service":"booking_app"}
{"level":"info","message":"POST /login. Status: 200. Duration: 0 ms","service":"booking_app"}
{"level":"info","message":"POST /users. Status: 403. Duration: 0 ms","service":"booking_app"}
{"level":"info","message":"POST /login. Status: 200. Duration: 0 ms","service":"booking_app"}
{"level":"info","message":"GET /hosts/:hostId. Status: 200. Duration: 2 ms","service":"booking_app"}
{"level":"info","message":"POST /login. Status: 200. Duration: 0 ms","service":"booking_app"}
{"level":"info","message":"PUT /hosts/:hostId. Status: 403. Duration: 0 ms","service":"booking_app"}
{"level":"info","message":"POST /login. Status: 200. Duration: 1 ms","service":"booking_app"}
{"level":"info","message":"DELETE /hosts/:hostId. Status: 403. Duration: 1 ms","service":"booking_app"}
{"level":"info","message":"POST /login. Status: 200. Duration: 0 ms","service":"booking_app"}
{"level":"info","message":"POST /hosts. Status: 403. Duration: 1 ms","service":"booking_app"}
{"level":"info","message":"POST /login. Status: 200. Duration: 0 ms","service":"booking_app"}
{"level":"info","message":"GET /properties/h0123456-78f0-1234-5678-9abcdef01234. Status: 200. Duration: 2 ms","service":"booking_app"}
{"level":"info","message":"POST /login. Status: 200. Duration: 0 ms","service":"booking_app"}
{"level":"info","message":"PUT /properties/h0123456-78f0-1234-5678-9abcdef01234. Status: 403. Duration: 0 ms","service":"booking_app"}
{"level":"info","message":"POST /login. Status: 200. Duration: 0 ms","service":"booking_app"}
{"level":"info","message":"DELETE /properties/h0123456-78f0-1234-5678-9abcdef01234. Status: 403. Duration: 0 ms","service":"booking_app"}
{"level":"info","message":"POST /login. Status: 200. Duration: 0 ms","service":"booking_app"}
{"level":"info","message":"POST /properties. Status: 403. Duration: 0 ms","service":"booking_app"}
{"level":"info","message":"POST /login. Status: 200. Duration: 0 ms","service":"booking_app"}
{"level":"info","message":"GET /amenities/t2345678-90qr-stu. Status: 200. Duration: 1 ms","service":"booking_app"}
{"level":"info","message":"POST /login. Status: 200. Duration: 0 ms","service":"booking_app"}
{"level":"info","message":"PUT /amenities/t2345678-90qr-st. Status: 403. Duration: 0 ms","service":"booking_app"}
{"level":"info","message":"POST /login. Status: 200. Duration: 0 ms","service":"booking_app"}
{"level":"info","message":"DELETE /amenities/bc-def012345678. Status: 403. Duration: 0 ms","service":"booking_app"}
{"level":"info","message":"POST /login. Status: 200. Duration: 0 ms","service":"booking_app"}
{"level":"info","message":"POST /amenities. Status: 403. Duration: 1 ms","service":"booking_app"}
{"level":"info","message":"POST /login. Status: 200. Duration: 0 ms","service":"booking_app"}
{"level":"info","message":"GET /bookings/f0123456-78ab-cdef-0123-456789abcdef. Status: 200. Duration: 0 ms","service":"booking_app"}
{"level":"info","message":"POST /login. Status: 200. Duration: 1 ms","service":"booking_app"}
{"level":"info","message":"PUT /bookings/f0123456-78ab-cdef-0123-456789abcdef. Status: 403. Duration: 1 ms","service":"booking_app"}
{"level":"info","message":"POST /login. Status: 200. Duration: 0 ms","service":"booking_app"}
{"level":"info","message":"DELETE /bookings/f0123456-78ab-cdef-0123-456789abcdef. Status: 403. Duration: 1 ms","service":"booking_app"}
{"level":"info","message":"POST /login. Status: 200. Duration: 0 ms","service":"booking_app"}
{"level":"info","message":"POST /bookings. Status: 403. Duration: 1 ms","service":"booking_app"}
{"level":"info","message":"POST /login. Status: 200. Duration: 0 ms","service":"booking_app"}
{"level":"info","message":"GET /reviews/j0123456-78f0-1234-5678-9abcdef01234. Status: 200. Duration: 1 ms","service":"booking_app"}
{"level":"info","message":"POST /login. Status: 200. Duration: 0 ms","service":"booking_app"}
{"level":"info","message":"PUT /reviews/j0123456-78f0-1234-5678-9abcdef01234. Status: 403. Duration: 0 ms","service":"booking_app"}
{"level":"info","message":"POST /login. Status: 200. Duration: 0 ms","service":"booking_app"}
{"level":"info","message":"DELETE /reviews/j0123456-78f0-1234-5678-9abcdef01234. Status: 403. Duration: 0 ms","service":"booking_app"}
{"level":"info","message":"POST /login. Status: 200. Duration: 0 ms","service":"booking_app"}
{"level":"info","message":"POST /reviews. Status: 403. Duration: 1 ms","service":"booking_app"}
{"level":"info","message":"POST /login. Status: 200. Duration: 1 ms","service":"booking_app"}
{"level":"info","message":"POST /login. Status: 200. Duration: 0 ms","service":"booking_app"}
{"level":"info","message":"POST /login. Status: 200. Duration: 9 ms","service":"booking_app"}
{"level":"info","message":"GET /users/e5678901-23f0-1234-5678-9abcdef01234. Status: 200. Duration: 2 ms","service":"booking_app"}
{"level":"info","message":"POST /login. Status: 200. Duration: 2 ms","service":"booking_app"}
{"level":"info","message":"PUT /users/e5678901-23f0-1234-5678-9abcdef01234. Status: 200. Duration: 3 ms","service":"booking_app"}
{"level":"info","message":"POST /login. Status: 200. Duration: 1 ms","service":"booking_app"}
{"level":"info","message":"DELETE /users/e5678901-23f0-1234-5678-9abcdef01234. Status: 200. Duration: 3 ms","service":"booking_app"}
{"level":"info","message":"POST /login. Status: 200. Duration: 4 ms","service":"booking_app"}
{"level":"info","message":"GET /users. Status: 200. Duration: 2 ms","service":"booking_app"}
{"level":"info","message":"POST /login. Status: 200. Duration: 2 ms","service":"booking_app"}
{"level":"info","message":"POST /users. Status: 200. Duration: 1 ms","service":"booking_app"}
{"level":"info","message":"POST /login. Status: 200. Duration: 2 ms","service":"booking_app"}
{"level":"info","message":"GET /hosts/e2345678-90bc-def0-0123-456789abcdef. Status: 200. Duration: 1 ms","service":"booking_app"}
{"level":"info","message":"POST /login. Status: 200. Duration: 1 ms","service":"booking_app"}
{"level":"info","message":"PUT /hosts/e2345678-90bc-def0-0123-456789abcdef. Status: 200. Duration: 2 ms","service":"booking_app"}
{"level":"info","message":"POST /login. Status: 200. Duration: 3 ms","service":"booking_app"}
{"level":"info","message":"DELETE /hosts/e2345678-90bc-def0-0123-456789abcdef. Status: 200. Duration: 2 ms","service":"booking_app"}
{"level":"info","message":"POST /login. Status: 200. Duration: 2 ms","service":"booking_app"}
{"level":"info","message":"GET /hosts. Status: 200. Duration: 3 ms","service":"booking_app"}
{"level":"info","message":"POST /login. Status: 200. Duration: 1 ms","service":"booking_app"}
{"level":"info","message":"POST /hosts. Status: 200. Duration: 4 ms","service":"booking_app"}
{"level":"info","message":"POST /login. Status: 200. Duration: 2 ms","service":"booking_app"}
{"level":"info","message":"GET /properties/i1234567-89f0-1234-5678-9abcdef01234. Status: 200. Duration: 1 ms","service":"booking_app"}
{"level":"info","message":"POST /login. Status: 200. Duration: 1 ms","service":"booking_app"}
{"level":"info","message":"PUT /properties/i1234567-89f0-1234-5678-9abcdef01234. Status: 200. Duration: 3 ms","service":"booking_app"}
{"level":"info","message":"POST /login. Status: 200. Duration: 1 ms","service":"booking_app"}
{"level":"info","message":"DELETE /properties/i1234567-89f0-1234-5678-9abcdef01234. Status: 200. Duration: 2 ms","service":"booking_app"}
{"level":"info","message":"POST /login. Status: 200. Duration: 1 ms","service":"booking_app"}
{"level":"info","message":"GET /properties. Status: 200. Duration: 2 ms","service":"booking_app"}
{"level":"info","message":"POST /login. Status: 200. Duration: 2 ms","service":"booking_app"}
{"level":"info","message":"POST /properties. Status: 200. Duration: 3 ms","service":"booking_app"}
{"level":"info","message":"POST /login. Status: 200. Duration: 1 ms","service":"booking_app"}
{"level":"info","message":"GET /amenities/u3456789-01rs-tuvw-01cd-ef0123456789. Status: 200. Duration: 1 ms","service":"booking_app"}
{"level":"info","message":"POST /login. Status: 200. Duration: 1 ms","service":"booking_app"}
{"level":"info","message":"PUT /amenities/u3456789-01rs-tuvw-01cd-ef0123456789. Status: 200. Duration: 1 ms","service":"booking_app"}
{"level":"info","message":"POST /login. Status: 200. Duration: 2 ms","service":"booking_app"}
{"level":"info","message":"DELETE /amenities/u3456789-01rs-tuvw-01cd-ef0123456789. Status: 200. Duration: 2 ms","service":"booking_app"}
{"level":"info","message":"POST /login. Status: 200. Duration: 6 ms","service":"booking_app"}
{"level":"info","message":"GET /users/e5678901-23f0-1234-5678-9abcdef01234. Status: 200. Duration: 4 ms","service":"booking_app"}
{"level":"info","message":"POST /login. Status: 200. Duration: 2 ms","service":"booking_app"}
{"level":"info","message":"PUT /users/e5678901-23f0-1234-5678-9abcdef01234. Status: 200. Duration: 4 ms","service":"booking_app"}
{"level":"info","message":"POST /login. Status: 200. Duration: 1 ms","service":"booking_app"}
{"level":"info","message":"DELETE /users/e5678901-23f0-1234-5678-9abcdef01234. Status: 200. Duration: 2 ms","service":"booking_app"}
{"level":"info","message":"POST /login. Status: 200. Duration: 3 ms","service":"booking_app"}
{"level":"info","message":"GET /users. Status: 200. Duration: 2 ms","service":"booking_app"}
{"level":"info","message":"POST /login. Status: 200. Duration: 3 ms","service":"booking_app"}
{"level":"info","message":"POST /users. Status: 200. Duration: 1 ms","service":"booking_app"}
{"level":"info","message":"POST /login. Status: 200. Duration: 3 ms","service":"booking_app"}
{"level":"info","message":"GET /hosts/e2345678-90bc-def0-0123-456789abcdef. Status: 200. Duration: 3 ms","service":"booking_app"}
{"level":"info","message":"POST /login. Status: 200. Duration: 1 ms","service":"booking_app"}
{"level":"info","message":"PUT /hosts/e2345678-90bc-def0-0123-456789abcdef. Status: 200. Duration: 2 ms","service":"booking_app"}
{"level":"info","message":"POST /login. Status: 200. Duration: 2 ms","service":"booking_app"}
{"level":"info","message":"DELETE /hosts/e2345678-90bc-def0-0123-456789abcdef. Status: 200. Duration: 4 ms","service":"booking_app"}
{"level":"info","message":"POST /login. Status: 200. Duration: 2 ms","service":"booking_app"}
{"level":"info","message":"GET /hosts. Status: 200. Duration: 2 ms","service":"booking_app"}
{"level":"info","message":"POST /login. Status: 200. Duration: 2 ms","service":"booking_app"}
{"level":"info","message":"POST /hosts. Status: 200. Duration: 2 ms","service":"booking_app"}
{"level":"info","message":"POST /login. Status: 200. Duration: 3 ms","service":"booking_app"}
{"level":"info","message":"GET /properties/i1234567-89f0-1234-5678-9abcdef01234. Status: 200. Duration: 2 ms","service":"booking_app"}
{"level":"info","message":"POST /login. Status: 200. Duration: 1 ms","service":"booking_app"}
{"level":"info","message":"PUT /properties/i1234567-89f0-1234-5678-9abcdef01234. Status: 200. Duration: 4 ms","service":"booking_app"}
{"level":"info","message":"POST /login. Status: 200. Duration: 1 ms","service":"booking_app"}
{"level":"info","message":"DELETE /properties/i1234567-89f0-1234-5678-9abcdef01234. Status: 200. Duration: 1 ms","service":"booking_app"}
{"level":"info","message":"POST /login. Status: 200. Duration: 2 ms","service":"booking_app"}
{"level":"info","message":"GET /properties. Status: 200. Duration: 1 ms","service":"booking_app"}
{"level":"info","message":"POST /login. Status: 200. Duration: 1 ms","service":"booking_app"}
{"level":"info","message":"POST /properties. Status: 200. Duration: 3 ms","service":"booking_app"}
{"level":"info","message":"POST /login. Status: 200. Duration: 2 ms","service":"booking_app"}
{"level":"info","message":"GET /amenities/u3456789-01rs-tuvw-01cd-ef0123456789. Status: 200. Duration: 1 ms","service":"booking_app"}
{"level":"info","message":"POST /login. Status: 200. Duration: 1 ms","service":"booking_app"}
{"level":"info","message":"PUT /amenities/u3456789-01rs-tuvw-01cd-ef0123456789. Status: 200. Duration: 1 ms","service":"booking_app"}
{"level":"info","message":"POST /login. Status: 200. Duration: 2 ms","service":"booking_app"}
{"level":"info","message":"DELETE /amenities/u3456789-01rs-tuvw-01cd-ef0123456789. Status: 200. Duration: 2 ms","service":"booking_app"}
{"level":"info","message":"POST /login. Status: 200. Duration: 3 ms","service":"booking_app"}
{"level":"info","message":"GET /amenities. Status: 200. Duration: 2 ms","service":"booking_app"}
{"level":"info","message":"POST /login. Status: 200. Duration: 1 ms","service":"booking_app"}
{"level":"info","message":"POST /amenities. Status: 200. Duration: 2 ms","service":"booking_app"}
{"level":"info","message":"POST /login. Status: 200. Duration: 2 ms","service":"booking_app"}
{"level":"info","message":"GET /bookings/f0123456-78ab-cdef-0123-456789abcdef. Status: 200. Duration: 0 ms","service":"booking_app"}
{"level":"info","message":"POST /login. Status: 200. Duration: 2 ms","service":"booking_app"}
{"level":"info","message":"PUT /bookings/f0123456-78ab-cdef-0123-456789abcdef. Status: 200. Duration: 2 ms","service":"booking_app"}
{"level":"info","message":"POST /login. Status: 200. Duration: 1 ms","service":"booking_app"}
{"level":"info","message":"DELETE /bookings/f0123456-78ab-cdef-0123-456789abcdef. Status: 200. Duration: 6 ms","service":"booking_app"}
{"level":"info","message":"POST /login. Status: 200. Duration: 2 ms","service":"booking_app"}
{"level":"info","message":"GET /bookings. Status: 200. Duration: 1 ms","service":"booking_app"}
{"level":"info","message":"POST /login. Status: 200. Duration: 3 ms","service":"booking_app"}
{"level":"info","message":"POST /bookings. Status: 200. Duration: 2 ms","service":"booking_app"}
{"level":"info","message":"POST /login. Status: 200. Duration: 2 ms","service":"booking_app"}
{"level":"info","message":"GET /reviews/j0123456-78f0-1234-5678-9abcdef01234. Status: 200. Duration: 1 ms","service":"booking_app"}
{"level":"info","message":"POST /login. Status: 200. Duration: 1 ms","service":"booking_app"}
{"level":"info","message":"PUT /reviews/j0123456-78f0-1234-5678-9abcdef01234. Status: 200. Duration: 1 ms","service":"booking_app"}
{"level":"info","message":"POST /login. Status: 200. Duration: 1 ms","service":"booking_app"}
{"level":"info","message":"DELETE /reviews/j0123456-78f0-1234-5678-9abcdef01234. Status: 200. Duration: 3 ms","service":"booking_app"}
{"level":"info","message":"POST /login. Status: 200. Duration: 3 ms","service":"booking_app"}
{"level":"info","message":"GET /reviews. Status: 200. Duration: 1 ms","service":"booking_app"}
{"level":"info","message":"POST /login. Status: 200. Duration: 1 ms","service":"booking_app"}
{"level":"info","message":"POST /reviews. Status: 200. Duration: 2 ms","service":"booking_app"}
{"level":"info","message":"POST /login. Status: 200. Duration: 2 ms","service":"booking_app"}
{"level":"info","message":"POST /login. Status: 200. Duration: 2 ms","service":"booking_app"}
{"level":"info","message":"POST /login. Status: 200. Duration: 6 ms","service":"booking_app"}
{"level":"info","message":"GET /users/e5678901-23f0-1234-5678-9abcdef01234. Status: 200. Duration: 2 ms","service":"booking_app"}
{"level":"info","message":"POST /login. Status: 200. Duration: 1 ms","service":"booking_app"}
{"level":"info","message":"PUT /users/e5678901-23f0-1234-5678-9abcdef01234. Status: 200. Duration: 3 ms","service":"booking_app"}
{"level":"info","message":"POST /login. Status: 200. Duration: 2 ms","service":"booking_app"}
{"level":"info","message":"DELETE /users/e5678901-23f0-1234-5678-9abcdef01234. Status: 200. Duration: 3 ms","service":"booking_app"}
{"level":"info","message":"POST /login. Status: 200. Duration: 3 ms","service":"booking_app"}
{"level":"info","message":"GET /users. Status: 200. Duration: 1 ms","service":"booking_app"}
{"level":"info","message":"POST /login. Status: 200. Duration: 3 ms","service":"booking_app"}
{"level":"info","message":"POST /users. Status: 200. Duration: 2 ms","service":"booking_app"}
{"level":"info","message":"POST /login. Status: 200. Duration: 1 ms","service":"booking_app"}
{"level":"info","message":"GET /hosts/e2345678-90bc-def0-0123-456789abcdef. Status: 200. Duration: 2 ms","service":"booking_app"}
{"level":"info","message":"POST /login. Status: 200. Duration: 1 ms","service":"booking_app"}
{"level":"info","message":"PUT /hosts/e2345678-90bc-def0-0123-456789abcdef. Status: 200. Duration: 2 ms","service":"booking_app"}
{"level":"info","message":"POST /login. Status: 200. Duration: 1 ms","service":"booking_app"}
{"level":"info","message":"DELETE /hosts/e2345678-90bc-def0-0123-456789abcdef. Status: 200. Duration: 6 ms","service":"booking_app"}
{"level":"info","message":"POST /login. Status: 200. Duration: 1 ms","service":"booking_app"}
{"level":"info","message":"GET /hosts. Status: 200. Duration: 2 ms","service":"booking_app"}
{"level":"info","message":"POST /login. Status: 200. Duration: 2 ms","service":"booking_app"}
{"level":"info","message":"POST /hosts. Status: 200. Duration: 3 ms","service":"booking_app"}
{"level":"info","message":"POST /login. Status: 200. Duration: 1 ms","service":"booking_app"}
{"level":"info","message":"GET /properties/i1234567-89f0-1234-5678-9abcdef01234. Status: 200. Duration: 1 ms","service":"booking_app"}
{"level":"info","message":"POST /login. Status: 200. Duration: 2 ms","service":"booking_app"}
{"level":"info","message":"PUT /properties/i1234567-89f0-1234-5678-9abcdef01234. Status: 200. Duration: 1 ms","service":"booking_app"}
{"level":"info","message":"POST /login. Status: 200. Duration: 1 ms","service":"booking_app"}
{"level":"info","message":"DELETE /properties/i1234567-89f0-1234-5678-9abcdef01234. Status: 200. Duration: 1 ms","service":"booking_app"}
{"level":"info","message":"POST /login. Status: 200. Duration: 1 ms","service":"booking_app"}
{"level":"info","message":"GET /properties. Status: 200. Duration: 1 ms","service":"booking_app"}
{"level":"info","message":"POST /login. Status: 200. Duration: 3 ms","service":"booking_app"}
{"level":"info","message":"POST /properties. Status: 200. Duration: 4 ms","service":"booking_app"}
{"level":"info","message":"POST /login. Status: 200. Duration: 2 ms","service":"booking_app"}
{"level":"info","message":"GET /amenities/u3456789-01rs-tuvw-01cd-ef0123456789. Status: 200. Duration: 1 ms","service":"booking_app"}
{"level":"info","message":"POST /login. Status: 200. Duration: 3 ms","service":"booking_app"}
{"level":"info","message":"PUT /amenities/u3456789-01rs-tuvw-01cd-ef0123456789. Status: 200. Duration: 4 ms","service":"booking_app"}
{"level":"info","message":"POST /login. Status: 200. Duration: 1 ms","service":"booking_app"}
{"level":"info","message":"DELETE /amenities/u3456789-01rs-tuvw-01cd-ef0123456789. Status: 200. Duration: 1 ms","service":"booking_app"}
{"level":"info","message":"POST /login. Status: 200. Duration: 3 ms","service":"booking_app"}
{"level":"info","message":"GET /amenities. Status: 200. Duration: 1 ms","service":"booking_app"}
{"level":"info","message":"POST /login. Status: 200. Duration: 2 ms","service":"booking_app"}
{"level":"info","message":"POST /amenities. Status: 200. Duration: 2 ms","service":"booking_app"}
{"level":"info","message":"POST /login. Status: 200. Duration: 2 ms","service":"booking_app"}
{"level":"info","message":"GET /bookings/f0123456-78ab-cdef-0123-456789abcdef. Status: 200. Duration: 2 ms","service":"booking_app"}
{"level":"info","message":"POST /login. Status: 200. Duration: 1 ms","service":"booking_app"}
{"level":"info","message":"PUT /bookings/f0123456-78ab-cdef-0123-456789abcdef. Status: 200. Duration: 1 ms","service":"booking_app"}
{"level":"info","message":"POST /login. Status: 200. Duration: 1 ms","service":"booking_app"}
{"level":"info","message":"DELETE /bookings/f0123456-78ab-cdef-0123-456789abcdef. Status: 200. Duration: 1 ms","service":"booking_app"}
{"level":"info","message":"POST /login. Status: 200. Duration: 2 ms","service":"booking_app"}
{"level":"info","message":"GET /bookings. Status: 200. Duration: 1 ms","service":"booking_app"}
{"level":"info","message":"POST /login. Status: 200. Duration: 2 ms","service":"booking_app"}
{"level":"info","message":"POST /bookings. Status: 200. Duration: 4 ms","service":"booking_app"}
{"level":"info","message":"POST /login. Status: 200. Duration: 2 ms","service":"booking_app"}
{"level":"info","message":"GET /reviews/j0123456-78f0-1234-5678-9abcdef01234. Status: 200. Duration: 1 ms","service":"booking_app"}
{"level":"info","message":"POST /login. Status: 200. Duration: 2 ms","service":"booking_app"}
{"level":"info","message":"PUT /reviews/j0123456-78f0-1234-5678-9abcdef01234. Status: 200. Duration: 3 ms","service":"booking_app"}
{"level":"info","message":"POST /login. Status: 200. Duration: 4 ms","service":"booking_app"}
{"level":"info","message":"DELETE /reviews/j0123456-78f0-1234-5678-9abcdef01234. Status: 200. Duration: 2 ms","service":"booking_app"}
{"level":"info","message":"POST /login. Status: 200. Duration: 1 ms","service":"booking_app"}
{"level":"info","message":"GET /reviews. Status: 200. Duration: 0 ms","service":"booking_app"}
{"level":"info","message":"POST /login. Status: 200. Duration: 3 ms","service":"booking_app"}
{"level":"info","message":"POST /reviews. Status: 200. Duration: 3 ms","service":"booking_app"}
{"level":"info","message":"POST /login. Status: 200. Duration: 1 ms","service":"booking_app"}
{"level":"info","message":"POST /login. Status: 200. Duration: 2 ms","service":"booking_app"}
{"level":"info","message":"POST /login. Status: 200. Duration: 7 ms","service":"booking_app"}
{"level":"info","message":"GET /users/e5678901-23f0-1234-5678-9abcdef01234. Status: 200. Duration: 4 ms","service":"booking_app"}
{"level":"info","message":"POST /login. Status: 200. Duration: 1 ms","service":"booking_app"}
{"level":"info","message":"PUT /users/e5678901-23f0-1234-5678-9abcdef01234. Status: 200. Duration: 3 ms","service":"booking_app"}
{"level":"info","message":"POST /login. Status: 200. Duration: 1 ms","service":"booking_app"}
{"level":"info","message":"DELETE /users/e5678901-23f0-1234-5678-9abcdef01234. Status: 500. Duration: 4 ms","service":"booking_app"}
{"level":"info","message":"POST /login. Status: 200. Duration: 2 ms","service":"booking_app"}
{"level":"info","message":"GET /users. Status: 200. Duration: 1 ms","service":"booking_app"}
{"level":"info","message":"POST /login. Status: 200. Duration: 2 ms","service":"booking_app"}
{"level":"info","message":"POST /users. Status: 200. Duration: 1 ms","service":"booking_app"}
{"level":"info","message":"POST /login. Status: 200. Duration: 1 ms","service":"booking_app"}
{"level":"info","message":"GET /hosts/e2345678-90bc-def0-0123-456789abcdef. Status: 200. Duration: 1 ms","service":"booking_app"}
{"level":"info","message":"POST /login. Status: 200. Duration: 1 ms","service":"booking_app"}
{"level":"info","message":"PUT /hosts/e2345678-90bc-def0-0123-456789abcdef. Status: 200. Duration: 2 ms","service":"booking_app"}
{"level":"info","message":"POST /login. Status: 200. Duration: 3 ms","service":"booking_app"}
{"level":"info","message":"DELETE /hosts/e2345678-90bc-def0-0123-456789abcdef. Status: 200. Duration: 2 ms","service":"booking_app"}
{"level":"info","message":"POST /login. Status: 200. Duration: 2 ms","service":"booking_app"}
{"level":"info","message":"GET /hosts. Status: 200. Duration: 2 ms","service":"booking_app"}
{"level":"info","message":"POST /login. Status: 200. Duration: 1 ms","service":"booking_app"}
{"level":"info","message":"POST /hosts. Status: 200. Duration: 3 ms","service":"booking_app"}
{"level":"info","message":"POST /login. Status: 200. Duration: 1 ms","service":"booking_app"}
{"level":"info","message":"GET /properties/i1234567-89f0-1234-5678-9abcdef01234. Status: 200. Duration: 1 ms","service":"booking_app"}
{"level":"info","message":"POST /login. Status: 200. Duration: 1 ms","service":"booking_app"}
{"level":"info","message":"PUT /properties/i1234567-89f0-1234-5678-9abcdef01234. Status: 200. Duration: 3 ms","service":"booking_app"}
{"level":"info","message":"POST /login. Status: 200. Duration: 3 ms","service":"booking_app"}
{"level":"info","message":"DELETE /properties/i1234567-89f0-1234-5678-9abcdef01234. Status: 200. Duration: 1 ms","service":"booking_app"}
{"level":"info","message":"POST /login. Status: 200. Duration: 2 ms","service":"booking_app"}
{"level":"info","message":"GET /properties. Status: 200. Duration: 3 ms","service":"booking_app"}
{"level":"info","message":"POST /login. Status: 200. Duration: 1 ms","service":"booking_app"}
{"level":"info","message":"POST /properties. Status: 200. Duration: 2 ms","service":"booking_app"}
{"level":"info","message":"POST /login. Status: 200. Duration: 1 ms","service":"booking_app"}
{"level":"info","message":"GET /amenities/u3456789-01rs-tuvw-01cd-ef0123456789. Status: 200. Duration: 2 ms","service":"booking_app"}
{"level":"info","message":"POST /login. Status: 200. Duration: 2 ms","service":"booking_app"}
{"level":"info","message":"PUT /amenities/u3456789-01rs-tuvw-01cd-ef0123456789. Status: 200. Duration: 3 ms","service":"booking_app"}
{"level":"info","message":"POST /login. Status: 200. Duration: 2 ms","service":"booking_app"}
{"level":"info","message":"DELETE /amenities/u3456789-01rs-tuvw-01cd-ef0123456789. Status: 200. Duration: 2 ms","service":"booking_app"}
{"level":"info","message":"POST /login. Status: 200. Duration: 2 ms","service":"booking_app"}
{"level":"info","message":"GET /amenities. Status: 200. Duration: 1 ms","service":"booking_app"}
{"level":"info","message":"POST /login. Status: 200. Duration: 1 ms","service":"booking_app"}
{"level":"info","message":"POST /amenities. Status: 200. Duration: 2 ms","service":"booking_app"}
{"level":"info","message":"POST /login. Status: 200. Duration: 1 ms","service":"booking_app"}
{"level":"info","message":"GET /bookings/f0123456-78ab-cdef-0123-456789abcdef. Status: 200. Duration: 1 ms","service":"booking_app"}
{"level":"info","message":"POST /login. Status: 200. Duration: 1 ms","service":"booking_app"}
{"level":"info","message":"PUT /bookings/f0123456-78ab-cdef-0123-456789abcdef. Status: 200. Duration: 2 ms","service":"booking_app"}
{"level":"info","message":"POST /login. Status: 200. Duration: 2 ms","service":"booking_app"}
{"level":"info","message":"DELETE /bookings/f0123456-78ab-cdef-0123-456789abcdef. Status: 200. Duration: 2 ms","service":"booking_app"}
{"level":"info","message":"POST /login. Status: 200. Duration: 2 ms","service":"booking_app"}
{"level":"info","message":"GET /bookings. Status: 200. Duration: 2 ms","service":"booking_app"}
{"level":"info","message":"POST /login. Status: 200. Duration: 1 ms","service":"booking_app"}
{"level":"info","message":"POST /bookings. Status: 200. Duration: 3 ms","service":"booking_app"}
{"level":"info","message":"POST /login. Status: 200. Duration: 1 ms","service":"booking_app"}
{"level":"info","message":"GET /reviews/j0123456-78f0-1234-5678-9abcdef01234. Status: 200. Duration: 3 ms","service":"booking_app"}
{"level":"info","message":"POST /login. Status: 200. Duration: 4 ms","service":"booking_app"}
{"level":"info","message":"PUT /reviews/j0123456-78f0-1234-5678-9abcdef01234. Status: 200. Duration: 2 ms","service":"booking_app"}
{"level":"info","message":"POST /login. Status: 200. Duration: 2 ms","service":"booking_app"}
{"level":"info","message":"DELETE /reviews/j0123456-78f0-1234-5678-9abcdef01234. Status: 200. Duration: 3 ms","service":"booking_app"}
{"level":"info","message":"POST /login. Status: 200. Duration: 2 ms","service":"booking_app"}
{"level":"info","message":"GET /reviews. Status: 200. Duration: 1 ms","service":"booking_app"}
{"level":"info","message":"POST /login. Status: 200. Duration: 1 ms","service":"booking_app"}
{"level":"info","message":"POST /reviews. Status: 200. Duration: 3 ms","service":"booking_app"}
{"level":"info","message":"POST /login. Status: 200. Duration: 2 ms","service":"booking_app"}
{"level":"info","message":"POST /login. Status: 200. Duration: 1 ms","service":"booking_app"}
{"level":"info","message":"POST /login. Status: 200. Duration: 6 ms","service":"booking_app"}
{"level":"info","message":"GET /users/e5678901-23f0-1234-5678-9abcdef01234. Status: 200. Duration: 2 ms","service":"booking_app"}
{"level":"info","message":"POST /login. Status: 200. Duration: 2 ms","service":"booking_app"}
{"level":"info","message":"PUT /users/e5678901-23f0-1234-5678-9abcdef01234. Status: 200. Duration: 3 ms","service":"booking_app"}
{"level":"info","message":"POST /login. Status: 200. Duration: 2 ms","service":"booking_app"}
{"level":"info","message":"DELETE /users/e5678901-23f0-1234-5678-9abcdef01234. Status: 200. Duration: 2 ms","service":"booking_app"}
{"level":"info","message":"POST /login. Status: 200. Duration: 3 ms","service":"booking_app"}
{"level":"info","message":"GET /users. Status: 200. Duration: 2 ms","service":"booking_app"}
{"level":"info","message":"POST /login. Status: 200. Duration: 5 ms","service":"booking_app"}
{"level":"info","message":"POST /users. Status: 200. Duration: 2 ms","service":"booking_app"}
{"level":"info","message":"POST /login. Status: 200. Duration: 2 ms","service":"booking_app"}
{"level":"info","message":"GET /hosts/e2345678-90bc-def0-0123-456789abcdef. Status: 200. Duration: 2 ms","service":"booking_app"}
{"level":"info","message":"POST /login. Status: 200. Duration: 1 ms","service":"booking_app"}
{"level":"info","message":"PUT /hosts/e2345678-90bc-def0-0123-456789abcdef. Status: 200. Duration: 2 ms","service":"booking_app"}
{"level":"info","message":"POST /login. Status: 200. Duration: 3 ms","service":"booking_app"}
{"level":"info","message":"DELETE /hosts/e2345678-90bc-def0-0123-456789abcdef. Status: 200. Duration: 4 ms","service":"booking_app"}
{"level":"info","message":"POST /login. Status: 200. Duration: 1 ms","service":"booking_app"}
{"level":"info","message":"GET /hosts. Status: 200. Duration: 1 ms","service":"booking_app"}
{"level":"info","message":"POST /login. Status: 200. Duration: 2 ms","service":"booking_app"}
{"level":"info","message":"POST /hosts. Status: 200. Duration: 1 ms","service":"booking_app"}
{"level":"info","message":"POST /login. Status: 200. Duration: 2 ms","service":"booking_app"}
{"level":"info","message":"GET /properties/i1234567-89f0-1234-5678-9abcdef01234. Status: 200. Duration: 1 ms","service":"booking_app"}
{"level":"info","message":"POST /login. Status: 200. Duration: 3 ms","service":"booking_app"}
{"level":"info","message":"PUT /properties/i1234567-89f0-1234-5678-9abcdef01234. Status: 200. Duration: 2 ms","service":"booking_app"}
{"level":"info","message":"POST /login. Status: 200. Duration: 3 ms","service":"booking_app"}
{"level":"info","message":"DELETE /properties/i1234567-89f0-1234-5678-9abcdef01234. Status: 200. Duration: 5 ms","service":"booking_app"}
{"level":"info","message":"POST /login. Status: 200. Duration: 1 ms","service":"booking_app"}
{"level":"info","message":"GET /properties. Status: 200. Duration: 1 ms","service":"booking_app"}
{"level":"info","message":"POST /login. Status: 200. Duration: 1 ms","service":"booking_app"}
{"level":"info","message":"POST /properties. Status: 200. Duration: 1 ms","service":"booking_app"}
{"level":"info","message":"POST /login. Status: 200. Duration: 1 ms","service":"booking_app"}
{"level":"info","message":"GET /amenities/u3456789-01rs-tuvw-01cd-ef0123456789. Status: 200. Duration: 1 ms","service":"booking_app"}
{"level":"info","message":"POST /login. Status: 200. Duration: 1 ms","service":"booking_app"}
{"level":"info","message":"PUT /amenities/u3456789-01rs-tuvw-01cd-ef0123456789. Status: 200. Duration: 2 ms","service":"booking_app"}
{"level":"info","message":"POST /login. Status: 200. Duration: 1 ms","service":"booking_app"}
{"level":"info","message":"DELETE /amenities/u3456789-01rs-tuvw-01cd-ef0123456789. Status: 200. Duration: 1 ms","service":"booking_app"}
{"level":"info","message":"POST /login. Status: 200. Duration: 4 ms","service":"booking_app"}
{"level":"info","message":"GET /amenities. Status: 200. Duration: 2 ms","service":"booking_app"}
{"level":"info","message":"POST /login. Status: 200. Duration: 2 ms","service":"booking_app"}
{"level":"info","message":"POST /amenities. Status: 200. Duration: 3 ms","service":"booking_app"}
{"level":"info","message":"POST /login. Status: 200. Duration: 1 ms","service":"booking_app"}
{"level":"info","message":"GET /bookings/f0123456-78ab-cdef-0123-456789abcdef. Status: 200. Duration: 1 ms","service":"booking_app"}
{"level":"info","message":"POST /login. Status: 200. Duration: 3 ms","service":"booking_app"}
{"level":"info","message":"PUT /bookings/f0123456-78ab-cdef-0123-456789abcdef. Status: 200. Duration: 2 ms","service":"booking_app"}
{"level":"info","message":"POST /login. Status: 200. Duration: 1 ms","service":"booking_app"}
{"level":"info","message":"DELETE /bookings/f0123456-78ab-cdef-0123-456789abcdef. Status: 200. Duration: 3 ms","service":"booking_app"}
{"level":"info","message":"POST /login. Status: 200. Duration: 3 ms","service":"booking_app"}
{"level":"info","message":"GET /bookings. Status: 200. Duration: 2 ms","service":"booking_app"}
{"level":"info","message":"POST /login. Status: 200. Duration: 2 ms","service":"booking_app"}
{"level":"info","message":"POST /bookings. Status: 200. Duration: 3 ms","service":"booking_app"}
{"level":"info","message":"POST /login. Status: 200. Duration: 0 ms","service":"booking_app"}
{"level":"info","message":"GET /reviews/j0123456-78f0-1234-5678-9abcdef01234. Status: 200. Duration: 2 ms","service":"booking_app"}
{"level":"info","message":"POST /login. Status: 200. Duration: 3 ms","service":"booking_app"}
{"level":"info","message":"PUT /reviews/j0123456-78f0-1234-5678-9abcdef01234. Status: 200. Duration: 3 ms","service":"booking_app"}
{"level":"info","message":"POST /login. Status: 200. Duration: 2 ms","service":"booking_app"}
{"level":"info","message":"DELETE /reviews/j0123456-78f0-1234-5678-9abcdef01234. Status: 200. Duration: 2 ms","service":"booking_app"}
{"level":"info","message":"POST /login. Status: 200. Duration: 1 ms","service":"booking_app"}
{"level":"info","message":"GET /reviews. Status: 200. Duration: 1 ms","service":"booking_app"}
{"level":"info","message":"POST /login. Status: 200. Duration: 1 ms","service":"booking_app"}
{"level":"info","message":"POST /reviews. Status: 200. Duration: 1 ms","service":"booking_app"}
{"level":"info","message":"POST /login. Status: 200. Duration: 2 ms","service":"booking_app"}
{"level":"info","message":"POST /login. Status: 200. Duration: 3 ms","service":"booking_app"}
{"level":"info","message":"POST /login. Status: 200. Duration: 2 ms","service":"booking_app"}
{"level":"info","message":"GET /users/:userId. Status: 200. Duration: 1 ms","service":"booking_app"}
{"level":"info","message":"POST /login. Status: 200. Duration: 1 ms","service":"booking_app"}
{"level":"info","message":"PUT /users/d4567890-12. Status: 200. Duration: 2 ms","service":"booking_app"}
{"level":"info","message":"POST /login. Status: 200. Duration: 1 ms","service":"booking_app"}
{"level":"info","message":"DELETE /users/d4567890-12ef-01. Status: 200. Duration: 1 ms","service":"booking_app"}
{"level":"info","message":"POST /login. Status: 200. Duration: 1 ms","service":"booking_app"}
{"level":"info","message":"POST /users. Status: 400. Duration: 2 ms","service":"booking_app"}
{"level":"info","message":"POST /login. Status: 200. Duration: 3 ms","service":"booking_app"}
{"level":"info","message":"GET /hosts/:hostId. Status: 200. Duration: 2 ms","service":"booking_app"}
{"level":"info","message":"POST /login. Status: 200. Duration: 2 ms","service":"booking_app"}
{"level":"info","message":"PUT /hosts/:hostId. Status: 200. Duration: 1 ms","service":"booking_app"}
{"level":"info","message":"POST /login. Status: 200. Duration: 2 ms","service":"booking_app"}
{"level":"info","message":"DELETE /hosts/:hostId. Status: 200. Duration: 2 ms","service":"booking_app"}
{"level":"info","message":"POST /login. Status: 200. Duration: 1 ms","service":"booking_app"}
{"level":"info","message":"POST /hosts. Status: 400. Duration: 1 ms","service":"booking_app"}
{"level":"info","message":"POST /login. Status: 200. Duration: 1 ms","service":"booking_app"}
{"level":"info","message":"GET /properties/h0123456-78f0-1234-5678-9abcdef01234. Status: 200. Duration: 0 ms","service":"booking_app"}
{"level":"info","message":"POST /login. Status: 200. Duration: 3 ms","service":"booking_app"}
{"level":"info","message":"PUT /properties/h0123456-78f0-1234-5678-9abcdef01234. Status: 200. Duration: 1 ms","service":"booking_app"}
{"level":"info","message":"POST /login. Status: 200. Duration: 1 ms","service":"booking_app"}
{"level":"info","message":"DELETE /properties/h0123456-78f0-1234-5678-9abcdef01234. Status: 200. Duration: 1 ms","service":"booking_app"}
{"level":"info","message":"POST /login. Status: 200. Duration: 2 ms","service":"booking_app"}
{"level":"info","message":"POST /properties. Status: 400. Duration: 2 ms","service":"booking_app"}
{"level":"info","message":"POST /login. Status: 200. Duration: 1 ms","service":"booking_app"}
{"level":"info","message":"GET /amenities/t2345678-90qr-stu. Status: 200. Duration: 0 ms","service":"booking_app"}
{"level":"info","message":"POST /login. Status: 200. Duration: 1 ms","service":"booking_app"}
{"level":"info","message":"PUT /amenities/t2345678-90qr-st. Status: 200. Duration: 2 ms","service":"booking_app"}
{"level":"info","message":"POST /login. Status: 200. Duration: 2 ms","service":"booking_app"}
{"level":"info","message":"DELETE /amenities/bc-def012345678. Status: 200. Duration: 3 ms","service":"booking_app"}
{"level":"info","message":"POST /login. Status: 200. Duration: 1 ms","service":"booking_app"}
{"level":"info","message":"POST /amenities. Status: 400. Duration: 0 ms","service":"booking_app"}
{"level":"info","message":"POST /login. Status: 200. Duration: 1 ms","service":"booking_app"}
{"level":"info","message":"GET /bookings/f0123456-78ab-cdef-0123-456789abcdef. Status: 200. Duration: 1 ms","service":"booking_app"}
{"level":"info","message":"POST /login. Status: 200. Duration: 2 ms","service":"booking_app"}
{"level":"info","message":"PUT /bookings/f0123456-78ab-cdef-0123-456789abcdef. Status: 200. Duration: 5 ms","service":"booking_app"}
{"level":"info","message":"POST /login. Status: 200. Duration: 2 ms","service":"booking_app"}
{"level":"info","message":"DELETE /bookings/f0123456-78ab-cdef-0123-456789abcdef. Status: 200. Duration: 1 ms","service":"booking_app"}
{"level":"info","message":"POST /login. Status: 200. Duration: 1 ms","service":"booking_app"}
{"level":"info","message":"POST /bookings. Status: 400. Duration: 2 ms","service":"booking_app"}
{"level":"info","message":"POST /login. Status: 200. Duration: 2 ms","service":"booking_app"}
{"level":"info","message":"GET /reviews/j0123456-78f0-1234-5678-9abcdef01234. Status: 200. Duration: 1 ms","service":"booking_app"}
{"level":"info","message":"POST /login. Status: 200. Duration: 2 ms","service":"booking_app"}
{"level":"info","message":"PUT /reviews/j0123456-78f0-1234-5678-9abcdef01234. Status: 200. Duration: 1 ms","service":"booking_app"}
{"level":"info","message":"POST /login. Status: 200. Duration: 1 ms","service":"booking_app"}
{"level":"info","message":"DELETE /reviews/j0123456-78f0-1234-5678-9abcdef01234. Status: 200. Duration: 2 ms","service":"booking_app"}
{"level":"info","message":"POST /login. Status: 200. Duration: 2 ms","service":"booking_app"}
{"level":"info","message":"POST /reviews. Status: 400. Duration: 2 ms","service":"booking_app"}
{"level":"info","message":"POST /login. Status: 200. Duration: 2 ms","service":"booking_app"}
{"level":"info","message":"POST /login. Status: 401. Duration: 0 ms","service":"booking_app"}
{"level":"info","message":"POST /login. Status: 200. Duration: 23 ms","service":"booking_app"}
{"level":"info","message":"GET /users/e5678901-23f0-1234-5678-9abcdef01234. Status: 200. Duration: 2 ms","service":"booking_app"}
{"level":"info","message":"POST /login. Status: 200. Duration: 1 ms","service":"booking_app"}
{"level":"info","message":"PUT /users/e5678901-23f0-1234-5678-9abcdef01234. Status: 200. Duration: 2 ms","service":"booking_app"}
{"level":"info","message":"POST /login. Status: 200. Duration: 1 ms","service":"booking_app"}
{"level":"info","message":"DELETE /users/e5678901-23f0-1234-5678-9abcdef01234. Status: 200. Duration: 2 ms","service":"booking_app"}
{"level":"info","message":"POST /login. Status: 200. Duration: 1 ms","service":"booking_app"}
{"level":"info","message":"GET /users. Status: 200. Duration: 1 ms","service":"booking_app"}
{"level":"info","message":"POST /login. Status: 200. Duration: 2 ms","service":"booking_app"}
{"level":"info","message":"POST /users. Status: 200. Duration: 1 ms","service":"booking_app"}
{"level":"info","message":"POST /login. Status: 200. Duration: 1 ms","service":"booking_app"}
{"level":"info","message":"GET /hosts/e2345678-90bc-def0-0123-456789abcdef. Status: 200. Duration: 1 ms","service":"booking_app"}
{"level":"info","message":"POST /login. Status: 200. Duration: 2 ms","service":"booking_app"}
{"level":"info","message":"PUT /hosts/e2345678-90bc-def0-0123-456789abcdef. Status: 200. Duration: 2 ms","service":"booking_app"}
{"level":"info","message":"POST /login. Status: 200. Duration: 1 ms","service":"booking_app"}
{"level":"info","message":"DELETE /hosts/e2345678-90bc-def0-0123-456789abcdef. Status: 200. Duration: 2 ms","service":"booking_app"}
{"level":"info","message":"POST /login. Status: 200. Duration: 2 ms","service":"booking_app"}
{"level":"info","message":"GET /hosts. Status: 200. Duration: 1 ms","service":"booking_app"}
{"level":"info","message":"POST /login. Status: 200. Duration: 1 ms","service":"booking_app"}
{"level":"info","message":"POST /hosts. Status: 200. Duration: 2 ms","service":"booking_app"}
{"level":"info","message":"POST /login. Status: 200. Duration: 0 ms","service":"booking_app"}
{"level":"info","message":"GET /properties/i1234567-89f0-1234-5678-9abcdef01234. Status: 200. Duration: 1 ms","service":"booking_app"}
{"level":"info","message":"POST /login. Status: 200. Duration: 1 ms","service":"booking_app"}
{"level":"info","message":"PUT /properties/i1234567-89f0-1234-5678-9abcdef01234. Status: 200. Duration: 2 ms","service":"booking_app"}
{"level":"info","message":"POST /login. Status: 200. Duration: 2 ms","service":"booking_app"}
{"level":"info","message":"DELETE /properties/i1234567-89f0-1234-5678-9abcdef01234. Status: 200. Duration: 2 ms","service":"booking_app"}
{"level":"info","message":"POST /login. Status: 200. Duration: 2 ms","service":"booking_app"}
{"level":"info","message":"GET /properties. Status: 200. Duration: 1 ms","service":"booking_app"}
{"level":"info","message":"POST /login. Status: 200. Duration: 2 ms","service":"booking_app"}
{"level":"info","message":"POST /properties. Status: 200. Duration: 3 ms","service":"booking_app"}
{"level":"info","message":"POST /login. Status: 200. Duration: 2 ms","service":"booking_app"}
{"level":"info","message":"GET /amenities/u3456789-01rs-tuvw-01cd-ef0123456789. Status: 200. Duration: 1 ms","service":"booking_app"}
{"level":"info","message":"POST /login. Status: 200. Duration: 2 ms","service":"booking_app"}
{"level":"info","message":"PUT /amenities/u3456789-01rs-tuvw-01cd-ef0123456789. Status: 200. Duration: 2 ms","service":"booking_app"}
{"level":"info","message":"POST /login. Status: 200. Duration: 2 ms","service":"booking_app"}
{"level":"info","message":"DELETE /amenities/u3456789-01rs-tuvw-01cd-ef0123456789. Status: 200. Duration: 3 ms","service":"booking_app"}
{"level":"info","message":"POST /login. Status: 200. Duration: 1 ms","service":"booking_app"}
{"level":"info","message":"GET /amenities. Status: 200. Duration: 2 ms","service":"booking_app"}
{"level":"info","message":"POST /login. Status: 200. Duration: 1 ms","service":"booking_app"}
{"level":"info","message":"POST /amenities. Status: 200. Duration: 3 ms","service":"booking_app"}
{"level":"info","message":"POST /login. Status: 200. Duration: 1 ms","service":"booking_app"}
{"level":"info","message":"GET /bookings/f0123456-78ab-cdef-0123-456789abcdef. Status: 200. Duration: 1 ms","service":"booking_app"}
{"level":"info","message":"POST /login. Status: 200. Duration: 1 ms","service":"booking_app"}
{"level":"info","message":"PUT /bookings/f0123456-78ab-cdef-0123-456789abcdef. Status: 200. Duration: 2 ms","service":"booking_app"}
{"level":"info","message":"POST /login. Status: 200. Duration: 2 ms","service":"booking_app"}
{"level":"info","message":"DELETE /bookings/f0123456-78ab-cdef-0123-456789abcdef. Status: 200. Duration: 2 ms","service":"booking_app"}
{"level":"info","message":"POST /login. Status: 200. Duration: 3 ms","service":"booking_app"}
{"level":"info","message":"GET /bookings. Status: 200. Duration: 1 ms","service":"booking_app"}
{"level":"info","message":"POST /login. Status: 200. Duration: 2 ms","service":"booking_app"}
{"level":"info","message":"POST /bookings. Status: 200. Duration: 2 ms","service":"booking_app"}
{"level":"info","message":"POST /login. Status: 200. Duration: 2 ms","service":"booking_app"}
{"level":"info","message":"GET /reviews/j0123456-78f0-1234-5678-9abcdef01234. Status: 200. Duration: 1 ms","service":"booking_app"}
{"level":"info","message":"POST /login. Status: 200. Duration: 1 ms","service":"booking_app"}
{"level":"info","message":"PUT /reviews/j0123456-78f0-1234-5678-9abcdef01234. Status: 200. Duration: 4 ms","service":"booking_app"}
{"level":"info","message":"POST /login. Status: 200. Duration: 2 ms","service":"booking_app"}
{"level":"info","message":"DELETE /reviews/j0123456-78f0-1234-5678-9abcdef01234. Status: 200. Duration: 2 ms","service":"booking_app"}
{"level":"info","message":"POST /login. Status: 200. Duration: 2 ms","service":"booking_app"}
{"level":"info","message":"GET /reviews. Status: 200. Duration: 1 ms","service":"booking_app"}
{"level":"info","message":"POST /login. Status: 200. Duration: 2 ms","service":"booking_app"}
{"level":"info","message":"POST /reviews. Status: 200. Duration: 2 ms","service":"booking_app"}
{"level":"info","message":"POST /login. Status: 200. Duration: 2 ms","service":"booking_app"}
{"level":"info","message":"POST /login. Status: 200. Duration: 1 ms","service":"booking_app"}
{"level":"info","message":"POST /login. Status: 200. Duration: 2 ms","service":"booking_app"}
{"level":"info","message":"GET /users/:userId. Status: 200. Duration: 1 ms","service":"booking_app"}
{"level":"info","message":"POST /login. Status: 200. Duration: 1 ms","service":"booking_app"}
{"level":"info","message":"PUT /users/d4567890-12. Status: 200. Duration: 1 ms","service":"booking_app"}
{"level":"info","message":"POST /login. Status: 200. Duration: 1 ms","service":"booking_app"}
{"level":"info","message":"DELETE /users/d4567890-12ef-01. Status: 200. Duration: 2 ms","service":"booking_app"}
{"level":"info","message":"POST /login. Status: 200. Duration: 1 ms","service":"booking_app"}
{"level":"info","message":"POST /users. Status: 400. Duration: 1 ms","service":"booking_app"}
{"level":"info","message":"POST /login. Status: 200. Duration: 1 ms","service":"booking_app"}
{"level":"info","message":"GET /hosts/:hostId. Status: 200. Duration: 1 ms","service":"booking_app"}
{"level":"info","message":"POST /login. Status: 200. Duration: 1 ms","service":"booking_app"}
{"level":"info","message":"PUT /hosts/:hostId. Status: 200. Duration: 3 ms","service":"booking_app"}
{"level":"info","message":"POST /login. Status: 200. Duration: 2 ms","service":"booking_app"}
{"level":"info","message":"DELETE /hosts/:hostId. Status: 200. Duration: 2 ms","service":"booking_app"}
{"level":"info","message":"POST /login. Status: 200. Duration: 2 ms","service":"booking_app"}
{"level":"info","message":"POST /hosts. Status: 400. Duration: 2 ms","service":"booking_app"}
{"level":"info","message":"POST /login. Status: 200. Duration: 1 ms","service":"booking_app"}
{"level":"info","message":"GET /properties/h0123456-78f0-1234-5678-9abcdef01234. Status: 200. Duration: 1 ms","service":"booking_app"}
{"level":"info","message":"POST /login. Status: 200. Duration: 1 ms","service":"booking_app"}
{"level":"info","message":"PUT /properties/h0123456-78f0-1234-5678-9abcdef01234. Status: 200. Duration: 3 ms","service":"booking_app"}
{"level":"info","message":"POST /login. Status: 200. Duration: 1 ms","service":"booking_app"}
{"level":"info","message":"DELETE /properties/h0123456-78f0-1234-5678-9abcdef01234. Status: 200. Duration: 3 ms","service":"booking_app"}
{"level":"info","message":"POST /login. Status: 200. Duration: 1 ms","service":"booking_app"}
{"level":"info","message":"POST /properties. Status: 400. Duration: 1 ms","service":"booking_app"}
{"level":"info","message":"POST /login. Status: 200. Duration: 1 ms","service":"booking_app"}
{"level":"info","message":"GET /amenities/t2345678-90qr-stu. Status: 200. Duration: 1 ms","service":"booking_app"}
{"level":"info","message":"POST /login. Status: 200. Duration: 1 ms","service":"booking_app"}
{"level":"info","message":"PUT /amenities/t2345678-90qr-st. Status: 200. Duration: 1 ms","service":"booking_app"}
{"level":"info","message":"POST /login. Status: 200. Duration: 1 ms","service":"booking_app"}
{"level":"info","message":"DELETE /amenities/bc-def012345678. Status: 200. Duration: 1 ms","service":"booking_app"}
{"level":"info","message":"POST /login. Status: 200. Duration: 2 ms","service":"booking_app"}
{"level":"info","message":"POST /amenities. Status: 400. Duration: 2 ms","service":"booking_app"}
{"level":"info","message":"POST /login. Status: 200. Duration: 1 ms","service":"booking_app"}
{"level":"info","message":"GET /bookings/f0123456-78ab-cdef-0123-456789abcdef. Status: 200. Duration: 1 ms","service":"booking_app"}
{"level":"info","message":"POST /login. Status: 200. Duration: 1 ms","service":"booking_app"}
{"level":"info","message":"PUT /bookings/f0123456-78ab-cdef-0123-456789abcdef. Status: 200. Duration: 1 ms","service":"booking_app"}
{"level":"info","message":"POST /login. Status: 200. Duration: 2 ms","service":"booking_app"}
{"level":"info","message":"DELETE /bookings/f0123456-78ab-cdef-0123-456789abcdef. Status: 200. Duration: 3 ms","service":"booking_app"}
{"level":"info","message":"POST /login. Status: 200. Duration: 2 ms","service":"booking_app"}
{"level":"info","message":"POST /bookings. Status: 400. Duration: 2 ms","service":"booking_app"}
{"level":"info","message":"POST /login. Status: 200. Duration: 2 ms","service":"booking_app"}
{"level":"info","message":"GET /reviews/j0123456-78f0-1234-5678-9abcdef01234. Status: 200. Duration: 1 ms","service":"booking_app"}
{"level":"info","message":"POST /login. Status: 200. Duration: 1 ms","service":"booking_app"}
{"level":"info","message":"PUT /reviews/j0123456-78f0-1234-5678-9abcdef01234. Status: 200. Duration: 2 ms","service":"booking_app"}
{"level":"info","message":"POST /login. Status: 200. Duration: 2 ms","service":"booking_app"}
{"level":"info","message":"DELETE /reviews/j0123456-78f0-1234-5678-9abcdef01234. Status: 200. Duration: 2 ms","service":"booking_app"}
{"level":"info","message":"POST /login. Status: 200. Duration: 1 ms","service":"booking_app"}
{"level":"info","message":"POST /reviews. Status: 400. Duration: 1 ms","service":"booking_app"}
{"level":"info","message":"POST /login. Status: 200. Duration: 1 ms","service":"booking_app"}
{"level":"info","message":"POST /login. Status: 401. Duration: 1 ms","service":"booking_app"}
{"level":"info","message":"POST /login. Status: 200. Duration: 6 ms","service":"booking_app"}
{"level":"info","message":"GET /users/e5678901-23f0-1234-5678-9abcdef01234. Status: 200. Duration: 3 ms","service":"booking_app"}
{"level":"info","message":"POST /login. Status: 200. Duration: 1 ms","service":"booking_app"}
{"level":"info","message":"PUT /users/e5678901-23f0-1234-5678-9abcdef01234. Status: 200. Duration: 2 ms","service":"booking_app"}
{"level":"info","message":"POST /login. Status: 200. Duration: 1 ms","service":"booking_app"}
{"level":"info","message":"DELETE /users/e5678901-23f0-1234-5678-9abcdef01234. Status: 200. Duration: 2 ms","service":"booking_app"}
{"level":"info","message":"POST /login. Status: 200. Duration: 3 ms","service":"booking_app"}
{"level":"info","message":"GET /users. Status: 200. Duration: 1 ms","service":"booking_app"}
{"level":"info","message":"POST /login. Status: 200. Duration: 1 ms","service":"booking_app"}
{"level":"info","message":"POST /users. Status: 200. Duration: 2 ms","service":"booking_app"}
{"level":"info","message":"POST /login. Status: 200. Duration: 3 ms","service":"booking_app"}
{"level":"info","message":"GET /hosts/e2345678-90bc-def0-0123-456789abcdef. Status: 200. Duration: 1 ms","service":"booking_app"}
{"level":"info","message":"POST /login. Status: 200. Duration: 1 ms","service":"booking_app"}
{"level":"info","message":"PUT /hosts/e2345678-90bc-def0-0123-456789abcdef. Status: 200. Duration: 2 ms","service":"booking_app"}
{"level":"info","message":"POST /login. Status: 200. Duration: 1 ms","service":"booking_app"}
{"level":"info","message":"DELETE /hosts/e2345678-90bc-def0-0123-456789abcdef. Status: 200. Duration: 5 ms","service":"booking_app"}
{"level":"info","message":"POST /login. Status: 200. Duration: 4 ms","service":"booking_app"}
{"level":"info","message":"GET /hosts. Status: 200. Duration: 2 ms","service":"booking_app"}
{"level":"info","message":"POST /login. Status: 200. Duration: 2 ms","service":"booking_app"}
{"level":"info","message":"POST /hosts. Status: 200. Duration: 3 ms","service":"booking_app"}
{"level":"info","message":"POST /login. Status: 200. Duration: 1 ms","service":"booking_app"}
{"level":"info","message":"GET /properties/i1234567-89f0-1234-5678-9abcdef01234. Status: 200. Duration: 2 ms","service":"booking_app"}
{"level":"info","message":"POST /login. Status: 200. Duration: 2 ms","service":"booking_app"}
{"level":"info","message":"PUT /properties/i1234567-89f0-1234-5678-9abcdef01234. Status: 200. Duration: 1 ms","service":"booking_app"}
{"level":"info","message":"POST /login. Status: 200. Duration: 2 ms","service":"booking_app"}
{"level":"info","message":"DELETE /properties/i1234567-89f0-1234-5678-9abcdef01234. Status: 200. Duration: 4 ms","service":"booking_app"}
{"level":"info","message":"POST /login. Status: 200. Duration: 5 ms","service":"booking_app"}
{"level":"info","message":"GET /properties. Status: 200. Duration: 1 ms","service":"booking_app"}
{"level":"info","message":"POST /login. Status: 200. Duration: 2 ms","service":"booking_app"}
{"level":"info","message":"POST /properties. Status: 200. Duration: 2 ms","service":"booking_app"}
{"level":"info","message":"POST /login. Status: 200. Duration: 1 ms","service":"booking_app"}
{"level":"info","message":"GET /amenities/u3456789-01rs-tuvw-01cd-ef0123456789. Status: 200. Duration: 1 ms","service":"booking_app"}
{"level":"info","message":"POST /login. Status: 200. Duration: 2 ms","service":"booking_app"}
{"level":"info","message":"PUT /amenities/u3456789-01rs-tuvw-01cd-ef0123456789. Status: 200. Duration: 4 ms","service":"booking_app"}
{"level":"info","message":"POST /login. Status: 200. Duration: 2 ms","service":"booking_app"}
{"level":"info","message":"DELETE /amenities/u3456789-01rs-tuvw-01cd-ef0123456789. Status: 200. Duration: 2 ms","service":"booking_app"}
{"level":"info","message":"POST /login. Status: 200. Duration: 3 ms","service":"booking_app"}
{"level":"info","message":"GET /amenities. Status: 200. Duration: 2 ms","service":"booking_app"}
{"level":"info","message":"POST /login. Status: 200. Duration: 2 ms","service":"booking_app"}
{"level":"info","message":"POST /amenities. Status: 200. Duration: 3 ms","service":"booking_app"}
{"level":"info","message":"POST /login. Status: 200. Duration: 1 ms","service":"booking_app"}
{"level":"info","message":"GET /bookings/f0123456-78ab-cdef-0123-456789abcdef. Status: 200. Duration: 2 ms","service":"booking_app"}
{"level":"info","message":"POST /login. Status: 200. Duration: 2 ms","service":"booking_app"}
{"level":"info","message":"PUT /bookings/f0123456-78ab-cdef-0123-456789abcdef. Status: 200. Duration: 2 ms","service":"booking_app"}
{"level":"info","message":"POST /login. Status: 200. Duration: 2 ms","service":"booking_app"}
{"level":"info","message":"DELETE /bookings/f0123456-78ab-cdef-0123-456789abcdef. Status: 200. Duration: 2 ms","service":"booking_app"}
{"level":"info","message":"POST /login. Status: 200. Duration: 2 ms","service":"booking_app"}
{"level":"info","message":"GET /bookings. Status: 200. Duration: 1 ms","service":"booking_app"}
{"level":"info","message":"POST /login. Status: 200. Duration: 1 ms","service":"booking_app"}
{"level":"info","message":"POST /bookings. Status: 200. Duration: 3 ms","service":"booking_app"}
{"level":"info","message":"POST /login. Status: 200. Duration: 2 ms","service":"booking_app"}
{"level":"info","message":"GET /reviews/j0123456-78f0-1234-5678-9abcdef01234. Status: 200. Duration: 1 ms","service":"booking_app"}
{"level":"info","message":"POST /login. Status: 200. Duration: 1 ms","service":"booking_app"}
{"level":"info","message":"PUT /reviews/j0123456-78f0-1234-5678-9abcdef01234. Status: 200. Duration: 6 ms","service":"booking_app"}
{"level":"info","message":"POST /login. Status: 200. Duration: 1 ms","service":"booking_app"}
{"level":"info","message":"DELETE /reviews/j0123456-78f0-1234-5678-9abcdef01234. Status: 200. Duration: 2 ms","service":"booking_app"}
{"level":"info","message":"POST /login. Status: 200. Duration: 1 ms","service":"booking_app"}
{"level":"info","message":"GET /reviews. Status: 200. Duration: 2 ms","service":"booking_app"}
{"level":"info","message":"POST /login. Status: 200. Duration: 2 ms","service":"booking_app"}
{"level":"info","message":"POST /reviews. Status: 200. Duration: 2 ms","service":"booking_app"}
{"level":"info","message":"POST /login. Status: 200. Duration: 2 ms","service":"booking_app"}
{"level":"info","message":"POST /login. Status: 200. Duration: 2 ms","service":"booking_app"}
{"level":"info","message":"POST /login. Status: 200. Duration: 2 ms","service":"booking_app"}
{"level":"info","message":"GET /users/:userId. Status: 200. Duration: 1 ms","service":"booking_app"}
{"level":"info","message":"POST /login. Status: 200. Duration: 1 ms","service":"booking_app"}
{"level":"info","message":"PUT /users/d4567890-12. Status: 200. Duration: 1 ms","service":"booking_app"}
{"level":"info","message":"POST /login. Status: 200. Duration: 2 ms","service":"booking_app"}
{"level":"info","message":"DELETE /users/d4567890-12ef-01. Status: 200. Duration: 1 ms","service":"booking_app"}
{"level":"info","message":"POST /login. Status: 200. Duration: 1 ms","service":"booking_app"}
{"level":"info","message":"POST /users. Status: 400. Duration: 1 ms","service":"booking_app"}
{"level":"info","message":"POST /login. Status: 200. Duration: 2 ms","service":"booking_app"}
{"level":"info","message":"GET /hosts/:hostId. Status: 200. Duration: 1 ms","service":"booking_app"}
{"level":"info","message":"POST /login. Status: 200. Duration: 1 ms","service":"booking_app"}
{"level":"info","message":"PUT /hosts/:hostId. Status: 200. Duration: 1 ms","service":"booking_app"}
{"level":"info","message":"POST /login. Status: 200. Duration: 1 ms","service":"booking_app"}
{"level":"info","message":"DELETE /hosts/:hostId. Status: 200. Duration: 2 ms","service":"booking_app"}
{"level":"info","message":"POST /login. Status: 200. Duration: 1 ms","service":"booking_app"}
{"level":"info","message":"POST /hosts. Status: 400. Duration: 1 ms","service":"booking_app"}
{"level":"info","message":"POST /login. Status: 200. Duration: 1 ms","service":"booking_app"}
{"level":"info","message":"GET /properties/h0123456-78f0-1234-5678-9abcdef01234. Status: 200. Duration: 1 ms","service":"booking_app"}
{"level":"info","message":"POST /login. Status: 200. Duration: 1 ms","service":"booking_app"}
{"level":"info","message":"PUT /properties/h0123456-78f0-1234-5678-9abcdef01234. Status: 200. Duration: 2 ms","service":"booking_app"}
{"level":"info","message":"POST /login. Status: 200. Duration: 1 ms","service":"booking_app"}
{"level":"info","message":"DELETE /properties/h0123456-78f0-1234-5678-9abcdef01234. Status: 200. Duration: 1 ms","service":"booking_app"}
{"level":"info","message":"POST /login. Status: 200. Duration: 1 ms","service":"booking_app"}
{"level":"info","message":"POST /properties. Status: 400. Duration: 1 ms","service":"booking_app"}
{"level":"info","message":"POST /login. Status: 200. Duration: 1 ms","service":"booking_app"}
{"level":"info","message":"GET /amenities/t2345678-90qr-stu. Status: 200. Duration: 1 ms","service":"booking_app"}
{"level":"info","message":"POST /login. Status: 200. Duration: 1 ms","service":"booking_app"}
{"level":"info","message":"PUT /amenities/t2345678-90qr-st. Status: 200. Duration: 2 ms","service":"booking_app"}
{"level":"info","message":"POST /login. Status: 200. Duration: 2 ms","service":"booking_app"}
{"level":"info","message":"DELETE /amenities/bc-def012345678. Status: 200. Duration: 2 ms","service":"booking_app"}
{"level":"info","message":"POST /login. Status: 200. Duration: 3 ms","service":"booking_app"}
{"level":"info","message":"POST /amenities. Status: 400. Duration: 3 ms","service":"booking_app"}
{"level":"info","message":"POST /login. Status: 200. Duration: 3 ms","service":"booking_app"}
{"level":"info","message":"GET /bookings/f0123456-78ab-cdef-0123-456789abcdef. Status: 200. Duration: 1 ms","service":"booking_app"}
{"level":"info","message":"POST /login. Status: 200. Duration: 3 ms","service":"booking_app"}
{"level":"info","message":"PUT /bookings/f0123456-78ab-cdef-0123-456789abcdef. Status: 200. Duration: 2 ms","service":"booking_app"}
{"level":"info","message":"POST /login. Status: 200. Duration: 1 ms","service":"booking_app"}
{"level":"info","message":"DELETE /bookings/f0123456-78ab-cdef-0123-456789abcdef. Status: 200. Duration: 2 ms","service":"booking_app"}
{"level":"info","message":"POST /login. Status: 200. Duration: 4 ms","service":"booking_app"}
{"level":"info","message":"POST /bookings. Status: 400. Duration: 1 ms","service":"booking_app"}
{"level":"info","message":"POST /login. Status: 200. Duration: 3 ms","service":"booking_app"}
{"level":"info","message":"GET /reviews/j0123456-78f0-1234-5678-9abcdef01234. Status: 200. Duration: 1 ms","service":"booking_app"}
{"level":"info","message":"POST /login. Status: 200. Duration: 4 ms","service":"booking_app"}
{"level":"info","message":"PUT /reviews/j0123456-78f0-1234-5678-9abcdef01234. Status: 200. Duration: 2 ms","service":"booking_app"}
{"level":"info","message":"POST /login. Status: 200. Duration: 3 ms","service":"booking_app"}
{"level":"info","message":"DELETE /reviews/j0123456-78f0-1234-5678-9abcdef01234. Status: 200. Duration: 3 ms","service":"booking_app"}
{"level":"info","message":"POST /login. Status: 200. Duration: 1 ms","service":"booking_app"}
{"level":"info","message":"POST /reviews. Status: 400. Duration: 3 ms","service":"booking_app"}
{"level":"info","message":"POST /login. Status: 200. Duration: 1 ms","service":"booking_app"}
{"level":"info","message":"POST /login. Status: 401. Duration: 0 ms","service":"booking_app"}
{"level":"info","message":"POST /login. Status: 200. Duration: 7 ms","service":"booking_app"}
{"level":"info","message":"GET /users/e5678901-23f0-1234-5678-9abcdef01234. Status: 200. Duration: 4 ms","service":"booking_app"}
{"level":"info","message":"POST /login. Status: 200. Duration: 8 ms","service":"booking_app"}
{"level":"info","message":"PUT /users/e5678901-23f0-1234-5678-9abcdef01234. Status: 200. Duration: 9 ms","service":"booking_app"}
{"level":"info","message":"POST /login. Status: 200. Duration: 4 ms","service":"booking_app"}
{"level":"info","message":"DELETE /users/e5678901-23f0-1234-5678-9abcdef01234. Status: 200. Duration: 5 ms","service":"booking_app"}
{"level":"info","message":"POST /login. Status: 200. Duration: 4 ms","service":"booking_app"}
{"level":"info","message":"GET /users. Status: 200. Duration: 3 ms","service":"booking_app"}
{"level":"info","message":"POST /login. Status: 200. Duration: 4 ms","service":"booking_app"}
{"level":"info","message":"POST /users. Status: 200. Duration: 2 ms","service":"booking_app"}
{"level":"info","message":"POST /login. Status: 200. Duration: 3 ms","service":"booking_app"}
{"level":"info","message":"GET /hosts/e2345678-90bc-def0-0123-456789abcdef. Status: 200. Duration: 3 ms","service":"booking_app"}
{"level":"info","message":"POST /login. Status: 200. Duration: 4 ms","service":"booking_app"}
{"level":"info","message":"PUT /hosts/e2345678-90bc-def0-0123-456789abcdef. Status: 200. Duration: 10 ms","service":"booking_app"}
{"level":"info","message":"POST /login. Status: 200. Duration: 4 ms","service":"booking_app"}
{"level":"info","message":"DELETE /hosts/e2345678-90bc-def0-0123-456789abcdef. Status: 200. Duration: 7 ms","service":"booking_app"}
{"level":"info","message":"POST /login. Status: 200. Duration: 2 ms","service":"booking_app"}
{"level":"info","message":"GET /hosts. Status: 200. Duration: 3 ms","service":"booking_app"}
{"level":"info","message":"POST /login. Status: 200. Duration: 4 ms","service":"booking_app"}
{"level":"info","message":"POST /hosts. Status: 200. Duration: 7 ms","service":"booking_app"}
{"level":"info","message":"POST /login. Status: 200. Duration: 4 ms","service":"booking_app"}
{"level":"info","message":"GET /properties/i1234567-89f0-1234-5678-9abcdef01234. Status: 200. Duration: 3 ms","service":"booking_app"}
{"level":"info","message":"POST /login. Status: 200. Duration: 2 ms","service":"booking_app"}
{"level":"info","message":"PUT /properties/i1234567-89f0-1234-5678-9abcdef01234. Status: 200. Duration: 2 ms","service":"booking_app"}
{"level":"info","message":"POST /login. Status: 200. Duration: 2 ms","service":"booking_app"}
{"level":"info","message":"DELETE /properties/i1234567-89f0-1234-5678-9abcdef01234. Status: 200. Duration: 5 ms","service":"booking_app"}
{"level":"info","message":"POST /login. Status: 200. Duration: 3 ms","service":"booking_app"}
{"level":"info","message":"GET /properties. Status: 200. Duration: 2 ms","service":"booking_app"}
{"level":"info","message":"POST /login. Status: 200. Duration: 7 ms","service":"booking_app"}
{"level":"info","message":"POST /properties. Status: 200. Duration: 2 ms","service":"booking_app"}
{"level":"info","message":"POST /login. Status: 200. Duration: 2 ms","service":"booking_app"}
{"level":"info","message":"GET /amenities/u3456789-01rs-tuvw-01cd-ef0123456789. Status: 200. Duration: 2 ms","service":"booking_app"}
{"level":"info","message":"POST /login. Status: 200. Duration: 4 ms","service":"booking_app"}
{"level":"info","message":"PUT /amenities/u3456789-01rs-tuvw-01cd-ef0123456789. Status: 200. Duration: 7 ms","service":"booking_app"}
{"level":"info","message":"POST /login. Status: 200. Duration: 3 ms","service":"booking_app"}
{"level":"info","message":"DELETE /amenities/u3456789-01rs-tuvw-01cd-ef0123456789. Status: 200. Duration: 4 ms","service":"booking_app"}
{"level":"info","message":"POST /login. Status: 200. Duration: 3 ms","service":"booking_app"}
{"level":"info","message":"GET /amenities. Status: 200. Duration: 2 ms","service":"booking_app"}
{"level":"info","message":"POST /login. Status: 200. Duration: 3 ms","service":"booking_app"}
{"level":"info","message":"POST /amenities. Status: 200. Duration: 3 ms","service":"booking_app"}
{"level":"info","message":"POST /login. Status: 200. Duration: 2 ms","service":"booking_app"}
{"level":"info","message":"GET /bookings/f0123456-78ab-cdef-0123-456789abcdef. Status: 200. Duration: 1 ms","service":"booking_app"}
{"level":"info","message":"POST /login. Status: 200. Duration: 3 ms","service":"booking_app"}
{"level":"info","message":"PUT /bookings/f0123456-78ab-cdef-0123-456789abcdef. Status: 200. Duration: 4 ms","service":"booking_app"}
{"level":"info","message":"POST /login. Status: 200. Duration: 3 ms","service":"booking_app"}
{"level":"info","message":"DELETE /bookings/f0123456-78ab-cdef-0123-456789abcdef. Status: 200. Duration: 5 ms","service":"booking_app"}
{"level":"info","message":"POST /login. Status: 200. Duration: 4 ms","service":"booking_app"}
{"level":"info","message":"GET /bookings. Status: 200. Duration: 4 ms","service":"booking_app"}
{"level":"info","message":"POST /login. Status: 200. Duration: 4 ms","service":"booking_app"}
{"level":"info","message":"POST /bookings. Status: 200. Duration: 6 ms","service":"booking_app"}
{"level":"info","message":"POST /login. Status: 200. Duration: 3 ms","service":"booking_app"}
{"level":"info","message":"GET /reviews/j0123456-78f0-1234-5678-9abcdef01234. Status: 200. Duration: 2 ms","service":"booking_app"}
{"level":"info","message":"POST /login. Status: 200. Duration: 3 ms","service":"booking_app"}
{"level":"info","message":"PUT /reviews/j0123456-78f0-1234-5678-9abcdef01234. Status: 200. Duration: 6 ms","service":"booking_app"}
{"level":"info","message":"POST /login. Status: 200. Duration: 3 ms","service":"booking_app"}
{"level":"info","message":"DELETE /reviews/j0123456-78f0-1234-5678-9abcdef01234. Status: 200. Duration: 4 ms","service":"booking_app"}
{"level":"info","message":"POST /login. Status: 200. Duration: 3 ms","service":"booking_app"}
{"level":"info","message":"GET /reviews. Status: 200. Duration: 2 ms","service":"booking_app"}
{"level":"info","message":"POST /login. Status: 200. Duration: 4 ms","service":"booking_app"}
{"level":"info","message":"POST /reviews. Status: 200. Duration: 7 ms","service":"booking_app"}
{"level":"info","message":"POST /login. Status: 200. Duration: 4 ms","service":"booking_app"}
{"level":"info","message":"POST /login. Status: 200. Duration: 4 ms","service":"booking_app"}
{"level":"info","message":"POST /login. Status: 200. Duration: 2 ms","service":"booking_app"}
{"level":"info","message":"GET /users/:userId. Status: 200. Duration: 1 ms","service":"booking_app"}
{"level":"info","message":"POST /login. Status: 200. Duration: 3 ms","service":"booking_app"}
{"level":"info","message":"PUT /users/d4567890-12. Status: 200. Duration: 7 ms","service":"booking_app"}
{"level":"info","message":"POST /login. Status: 200. Duration: 2 ms","service":"booking_app"}
{"level":"info","message":"DELETE /users/d4567890-12ef-01. Status: 200. Duration: 5 ms","service":"booking_app"}
{"level":"info","message":"POST /login. Status: 200. Duration: 3 ms","service":"booking_app"}
{"level":"info","message":"POST /users. Status: 400. Duration: 4 ms","service":"booking_app"}
{"level":"info","message":"POST /login. Status: 200. Duration: 3 ms","service":"booking_app"}
{"level":"info","message":"GET /hosts/:hostId. Status: 200. Duration: 3 ms","service":"booking_app"}
{"level":"info","message":"POST /login. Status: 200. Duration: 3 ms","service":"booking_app"}
{"level":"info","message":"PUT /hosts/:hostId. Status: 200. Duration: 5 ms","service":"booking_app"}
{"level":"info","message":"POST /login. Status: 200. Duration: 3 ms","service":"booking_app"}
{"level":"info","message":"DELETE /hosts/:hostId. Status: 200. Duration: 5 ms","service":"booking_app"}
{"level":"info","message":"POST /login. Status: 200. Duration: 2 ms","service":"booking_app"}
{"level":"info","message":"POST /hosts. Status: 400. Duration: 2 ms","service":"booking_app"}
{"level":"info","message":"POST /login. Status: 200. Duration: 5 ms","service":"booking_app"}
{"level":"info","message":"GET /properties/h0123456-78f0-1234-5678-9abcdef01234. Status: 200. Duration: 4 ms","service":"booking_app"}
{"level":"info","message":"POST /login. Status: 200. Duration: 7 ms","service":"booking_app"}
{"level":"info","message":"PUT /properties/h0123456-78f0-1234-5678-9abcdef01234. Status: 200. Duration: 8 ms","service":"booking_app"}
{"level":"info","message":"POST /login. Status: 200. Duration: 4 ms","service":"booking_app"}
{"level":"info","message":"DELETE /properties/h0123456-78f0-1234-5678-9abcdef01234. Status: 200. Duration: 4 ms","service":"booking_app"}
{"level":"info","message":"POST /login. Status: 200. Duration: 4 ms","service":"booking_app"}
{"level":"info","message":"POST /properties. Status: 400. Duration: 4 ms","service":"booking_app"}
{"level":"info","message":"POST /login. Status: 200. Duration: 3 ms","service":"booking_app"}
{"level":"info","message":"GET /amenities/t2345678-90qr-stu. Status: 200. Duration: 3 ms","service":"booking_app"}
{"level":"info","message":"POST /login. Status: 200. Duration: 4 ms","service":"booking_app"}
{"level":"info","message":"PUT /amenities/t2345678-90qr-st. Status: 200. Duration: 6 ms","service":"booking_app"}
{"level":"info","message":"POST /login. Status: 200. Duration: 3 ms","service":"booking_app"}
{"level":"info","message":"DELETE /amenities/bc-def012345678. Status: 200. Duration: 5 ms","service":"booking_app"}
{"level":"info","message":"POST /login. Status: 200. Duration: 3 ms","service":"booking_app"}
{"level":"info","message":"POST /amenities. Status: 400. Duration: 2 ms","service":"booking_app"}
{"level":"info","message":"POST /login. Status: 200. Duration: 3 ms","service":"booking_app"}
{"level":"info","message":"GET /bookings/f0123456-78ab-cdef-0123-456789abcdef. Status: 200. Duration: 1 ms","service":"booking_app"}
{"level":"info","message":"POST /login. Status: 200. Duration: 4 ms","service":"booking_app"}
{"level":"info","message":"PUT /bookings/f0123456-78ab-cdef-0123-456789abcdef. Status: 200. Duration: 8 ms","service":"booking_app"}
{"level":"info","message":"POST /login. Status: 200. Duration: 5 ms","service":"booking_app"}
{"level":"info","message":"DELETE /bookings/f0123456-78ab-cdef-0123-456789abcdef. Status: 200. Duration: 6 ms","service":"booking_app"}
{"level":"info","message":"POST /login. Status: 200. Duration: 2 ms","service":"booking_app"}
{"level":"info","message":"POST /bookings. Status: 400. Duration: 2 ms","service":"booking_app"}
{"level":"info","message":"POST /login. Status: 200. Duration: 3 ms","service":"booking_app"}
{"level":"info","message":"GET /reviews/j0123456-78f0-1234-5678-9abcdef01234. Status: 200. Duration: 4 ms","service":"booking_app"}
{"level":"info","message":"POST /login. Status: 200. Duration: 3 ms","service":"booking_app"}
{"level":"info","message":"PUT /reviews/j0123456-78f0-1234-5678-9abcdef01234. Status: 200. Duration: 8 ms","service":"booking_app"}
{"level":"info","message":"POST /login. Status: 200. Duration: 4 ms","service":"booking_app"}
{"level":"info","message":"DELETE /reviews/j0123456-78f0-1234-5678-9abcdef01234. Status: 200. Duration: 7 ms","service":"booking_app"}
{"level":"info","message":"POST /login. Status: 200. Duration: 3 ms","service":"booking_app"}
{"level":"info","message":"POST /reviews. Status: 400. Duration: 3 ms","service":"booking_app"}
{"level":"info","message":"POST /login. Status: 200. Duration: 3 ms","service":"booking_app"}
{"level":"info","message":"POST /login. Status: 401. Duration: 1 ms","service":"booking_app"}
{"level":"info","message":"GET /. Status: 200. Duration: 2 ms","service":"booking_app"}
{"level":"info","message":"GET /favicon.ico. Status: 200. Duration: 0 ms","service":"booking_app"}
